Performing C++ SOURCE FILE Test COMPILER_SUPPORT_Wshorten64to32 failed with the following output:
Change Dir: /home/aiyang/groundgrid/build/CMakeFiles/CMakeTmp

Run Build Command(s):/usr/bin/make cmTC_31639/fast && /usr/bin/make -f CMakeFiles/cmTC_31639.dir/build.make CMakeFiles/cmTC_31639.dir/build
make[1]: Entering directory '/home/aiyang/groundgrid/build/CMakeFiles/CMakeTmp'
Building CXX object CMakeFiles/cmTC_31639.dir/src.cxx.o
/usr/bin/c++    -pedantic -Wall -Wextra -Wundef -Wcast-align -Wchar-subscripts -Wnon-virtual-dtor -Wunused-local-typedefs -Wpointer-arith -Wwrite-strings -Wformat-security -DCOMPILER_SUPPORT_Wshorten64to32 -Werror -fPIE   -Wshorten-64-to-32 -std=gnu++17 -o CMakeFiles/cmTC_31639.dir/src.cxx.o -c /home/aiyang/groundgrid/build/CMakeFiles/CMakeTmp/src.cxx
c++: error: unrecognized command line option '-Wshorten-64-to-32'
make[1]: *** [CMakeFiles/cmTC_31639.dir/build.make:66: CMakeFiles/cmTC_31639.dir/src.cxx.o] Error 1
make[1]: Leaving directory '/home/aiyang/groundgrid/build/CMakeFiles/CMakeTmp'
make: *** [Makefile:121: cmTC_31639/fast] Error 2


Source file was:
int main() { return 0; }
Performing C++ SOURCE FILE Test COMPILER_SUPPORT_Wenumconversion failed with the following output:
Change Dir: /home/aiyang/groundgrid/build/CMakeFiles/CMakeTmp

Run Build Command(s):/usr/bin/make cmTC_7afc8/fast && /usr/bin/make -f CMakeFiles/cmTC_7afc8.dir/build.make CMakeFiles/cmTC_7afc8.dir/build
make[1]: Entering directory '/home/aiyang/groundgrid/build/CMakeFiles/CMakeTmp'
Building CXX object CMakeFiles/cmTC_7afc8.dir/src.cxx.o
/usr/bin/c++    -pedantic -Wall -Wextra -Wundef -Wcast-align -Wchar-subscripts -Wnon-virtual-dtor -Wunused-local-typedefs -Wpointer-arith -Wwrite-strings -Wformat-security -Wlogical-op -DCOMPILER_SUPPORT_Wenumconversion -Werror -fPIE   -Wenum-conversion -std=gnu++17 -o CMakeFiles/cmTC_7afc8.dir/src.cxx.o -c /home/aiyang/groundgrid/build/CMakeFiles/CMakeTmp/src.cxx
c++: error: unrecognized command line option '-Wenum-conversion'; did you mean '-Wno-conversion'?
make[1]: *** [CMakeFiles/cmTC_7afc8.dir/build.make:66: CMakeFiles/cmTC_7afc8.dir/src.cxx.o] Error 1
make[1]: Leaving directory '/home/aiyang/groundgrid/build/CMakeFiles/CMakeTmp'
make: *** [Makefile:121: cmTC_7afc8/fast] Error 2


Source file was:
int main() { return 0; }
Performing C++ SOURCE FILE Test COMPILER_SUPPORT_Wcpp11extensions failed with the following output:
Change Dir: /home/aiyang/groundgrid/build/CMakeFiles/CMakeTmp

Run Build Command(s):/usr/bin/make cmTC_e568f/fast && /usr/bin/make -f CMakeFiles/cmTC_e568f.dir/build.make CMakeFiles/cmTC_e568f.dir/build
make[1]: Entering directory '/home/aiyang/groundgrid/build/CMakeFiles/CMakeTmp'
Building CXX object CMakeFiles/cmTC_e568f.dir/src.cxx.o
/usr/bin/c++    -pedantic -Wall -Wextra -Wundef -Wcast-align -Wchar-subscripts -Wnon-virtual-dtor -Wunused-local-typedefs -Wpointer-arith -Wwrite-strings -Wformat-security -Wlogical-op -DCOMPILER_SUPPORT_Wcpp11extensions -Werror -fPIE   -Wc++11-extensions -std=gnu++17 -o CMakeFiles/cmTC_e568f.dir/src.cxx.o -c /home/aiyang/groundgrid/build/CMakeFiles/CMakeTmp/src.cxx
c++: error: unrecognized command line option '-Wc++11-extensions'; did you mean '-fms-extensions'?
make[1]: *** [CMakeFiles/cmTC_e568f.dir/build.make:66: CMakeFiles/cmTC_e568f.dir/src.cxx.o] Error 1
make[1]: Leaving directory '/home/aiyang/groundgrid/build/CMakeFiles/CMakeTmp'
make: *** [Makefile:121: cmTC_e568f/fast] Error 2


Source file was:
int main() { return 0; }
Performing C++ SOURCE FILE Test COMPILER_SUPPORT_wd981 failed with the following output:
Change Dir: /home/aiyang/groundgrid/build/CMakeFiles/CMakeTmp

Run Build Command(s):/usr/bin/make cmTC_a2737/fast && /usr/bin/make -f CMakeFiles/cmTC_a2737.dir/build.make CMakeFiles/cmTC_a2737.dir/build
make[1]: Entering directory '/home/aiyang/groundgrid/build/CMakeFiles/CMakeTmp'
Building CXX object CMakeFiles/cmTC_a2737.dir/src.cxx.o
/usr/bin/c++    -pedantic -Wall -Wextra -Wundef -Wcast-align -Wchar-subscripts -Wnon-virtual-dtor -Wunused-local-typedefs -Wpointer-arith -Wwrite-strings -Wformat-security -Wlogical-op -Wdouble-promotion -Wshadow -Wno-psabi -Wno-variadic-macros -Wno-long-long -fno-check-new -fno-common -fstrict-aliasing -DCOMPILER_SUPPORT_wd981 -Werror -fPIE   -wd981 -std=gnu++17 -o CMakeFiles/cmTC_a2737.dir/src.cxx.o -c /home/aiyang/groundgrid/build/CMakeFiles/CMakeTmp/src.cxx
c++: error: unrecognized command line option '-wd981'
make[1]: *** [CMakeFiles/cmTC_a2737.dir/build.make:66: CMakeFiles/cmTC_a2737.dir/src.cxx.o] Error 1
make[1]: Leaving directory '/home/aiyang/groundgrid/build/CMakeFiles/CMakeTmp'
make: *** [Makefile:121: cmTC_a2737/fast] Error 2


Source file was:
int main() { return 0; }
Performing C++ SOURCE FILE Test COMPILER_SUPPORT_wd2304 failed with the following output:
Change Dir: /home/aiyang/groundgrid/build/CMakeFiles/CMakeTmp

Run Build Command(s):/usr/bin/make cmTC_89ebc/fast && /usr/bin/make -f CMakeFiles/cmTC_89ebc.dir/build.make CMakeFiles/cmTC_89ebc.dir/build
make[1]: Entering directory '/home/aiyang/groundgrid/build/CMakeFiles/CMakeTmp'
Building CXX object CMakeFiles/cmTC_89ebc.dir/src.cxx.o
/usr/bin/c++    -pedantic -Wall -Wextra -Wundef -Wcast-align -Wchar-subscripts -Wnon-virtual-dtor -Wunused-local-typedefs -Wpointer-arith -Wwrite-strings -Wformat-security -Wlogical-op -Wdouble-promotion -Wshadow -Wno-psabi -Wno-variadic-macros -Wno-long-long -fno-check-new -fno-common -fstrict-aliasing -DCOMPILER_SUPPORT_wd2304 -Werror -fPIE   -wd2304 -std=gnu++17 -o CMakeFiles/cmTC_89ebc.dir/src.cxx.o -c /home/aiyang/groundgrid/build/CMakeFiles/CMakeTmp/src.cxx
c++: error: unrecognized command line option '-wd2304'
make[1]: *** [CMakeFiles/cmTC_89ebc.dir/build.make:66: CMakeFiles/cmTC_89ebc.dir/src.cxx.o] Error 1
make[1]: Leaving directory '/home/aiyang/groundgrid/build/CMakeFiles/CMakeTmp'
make: *** [Makefile:121: cmTC_89ebc/fast] Error 2


Source file was:
int main() { return 0; }
Performing C++ SOURCE FILE Test COMPILER_SUPPORT_Wshorten64to32 failed with the following output:
Change Dir: /home/aiyang/groundgrid/build/CMakeFiles/CMakeTmp

Run Build Command(s):/usr/bin/make cmTC_87509/fast && /usr/bin/make -f CMakeFiles/cmTC_87509.dir/build.make CMakeFiles/cmTC_87509.dir/build
make[1]: Entering directory '/home/aiyang/groundgrid/build/CMakeFiles/CMakeTmp'
Building CXX object CMakeFiles/cmTC_87509.dir/src.cxx.o
/usr/bin/c++    -pedantic -Wall -Wextra -Wundef -Wcast-align -Wchar-subscripts -Wnon-virtual-dtor -Wunused-local-typedefs -Wpointer-arith -Wwrite-strings -Wformat-security -DCOMPILER_SUPPORT_Wshorten64to32 -Werror -fPIE   -Wshorten-64-to-32 -std=gnu++17 -o CMakeFiles/cmTC_87509.dir/src.cxx.o -c /home/aiyang/groundgrid/build/CMakeFiles/CMakeTmp/src.cxx
c++: error: unrecognized command line option '-Wshorten-64-to-32'
make[1]: *** [CMakeFiles/cmTC_87509.dir/build.make:66: CMakeFiles/cmTC_87509.dir/src.cxx.o] Error 1
make[1]: Leaving directory '/home/aiyang/groundgrid/build/CMakeFiles/CMakeTmp'
make: *** [Makefile:121: cmTC_87509/fast] Error 2


Source file was:
int main() { return 0; }
Performing C++ SOURCE FILE Test COMPILER_SUPPORT_Wenumconversion failed with the following output:
Change Dir: /home/aiyang/groundgrid/build/CMakeFiles/CMakeTmp

Run Build Command(s):/usr/bin/make cmTC_59a2d/fast && /usr/bin/make -f CMakeFiles/cmTC_59a2d.dir/build.make CMakeFiles/cmTC_59a2d.dir/build
make[1]: Entering directory '/home/aiyang/groundgrid/build/CMakeFiles/CMakeTmp'
Building CXX object CMakeFiles/cmTC_59a2d.dir/src.cxx.o
/usr/bin/c++    -pedantic -Wall -Wextra -Wundef -Wcast-align -Wchar-subscripts -Wnon-virtual-dtor -Wunused-local-typedefs -Wpointer-arith -Wwrite-strings -Wformat-security -Wlogical-op -DCOMPILER_SUPPORT_Wenumconversion -Werror -fPIE   -Wenum-conversion -std=gnu++17 -o CMakeFiles/cmTC_59a2d.dir/src.cxx.o -c /home/aiyang/groundgrid/build/CMakeFiles/CMakeTmp/src.cxx
c++: error: unrecognized command line option '-Wenum-conversion'; did you mean '-Wno-conversion'?
make[1]: *** [CMakeFiles/cmTC_59a2d.dir/build.make:66: CMakeFiles/cmTC_59a2d.dir/src.cxx.o] Error 1
make[1]: Leaving directory '/home/aiyang/groundgrid/build/CMakeFiles/CMakeTmp'
make: *** [Makefile:121: cmTC_59a2d/fast] Error 2


Source file was:
int main() { return 0; }
Performing C++ SOURCE FILE Test COMPILER_SUPPORT_Wcpp11extensions failed with the following output:
Change Dir: /home/aiyang/groundgrid/build/CMakeFiles/CMakeTmp

Run Build Command(s):/usr/bin/make cmTC_e5adf/fast && /usr/bin/make -f CMakeFiles/cmTC_e5adf.dir/build.make CMakeFiles/cmTC_e5adf.dir/build
make[1]: Entering directory '/home/aiyang/groundgrid/build/CMakeFiles/CMakeTmp'
Building CXX object CMakeFiles/cmTC_e5adf.dir/src.cxx.o
/usr/bin/c++    -pedantic -Wall -Wextra -Wundef -Wcast-align -Wchar-subscripts -Wnon-virtual-dtor -Wunused-local-typedefs -Wpointer-arith -Wwrite-strings -Wformat-security -Wlogical-op -DCOMPILER_SUPPORT_Wcpp11extensions -Werror -fPIE   -Wc++11-extensions -std=gnu++17 -o CMakeFiles/cmTC_e5adf.dir/src.cxx.o -c /home/aiyang/groundgrid/build/CMakeFiles/CMakeTmp/src.cxx
c++: error: unrecognized command line option '-Wc++11-extensions'; did you mean '-fms-extensions'?
make[1]: *** [CMakeFiles/cmTC_e5adf.dir/build.make:66: CMakeFiles/cmTC_e5adf.dir/src.cxx.o] Error 1
make[1]: Leaving directory '/home/aiyang/groundgrid/build/CMakeFiles/CMakeTmp'
make: *** [Makefile:121: cmTC_e5adf/fast] Error 2


Source file was:
int main() { return 0; }
Performing C++ SOURCE FILE Test COMPILER_SUPPORT_wd981 failed with the following output:
Change Dir: /home/aiyang/groundgrid/build/CMakeFiles/CMakeTmp

Run Build Command(s):/usr/bin/make cmTC_1cfdf/fast && /usr/bin/make -f CMakeFiles/cmTC_1cfdf.dir/build.make CMakeFiles/cmTC_1cfdf.dir/build
make[1]: Entering directory '/home/aiyang/groundgrid/build/CMakeFiles/CMakeTmp'
Building CXX object CMakeFiles/cmTC_1cfdf.dir/src.cxx.o
/usr/bin/c++    -pedantic -Wall -Wextra -Wundef -Wcast-align -Wchar-subscripts -Wnon-virtual-dtor -Wunused-local-typedefs -Wpointer-arith -Wwrite-strings -Wformat-security -Wlogical-op -Wdouble-promotion -Wshadow -Wno-psabi -Wno-variadic-macros -Wno-long-long -fno-check-new -fno-common -fstrict-aliasing -DCOMPILER_SUPPORT_wd981 -Werror -fPIE   -wd981 -std=gnu++17 -o CMakeFiles/cmTC_1cfdf.dir/src.cxx.o -c /home/aiyang/groundgrid/build/CMakeFiles/CMakeTmp/src.cxx
c++: error: unrecognized command line option '-wd981'
make[1]: *** [CMakeFiles/cmTC_1cfdf.dir/build.make:66: CMakeFiles/cmTC_1cfdf.dir/src.cxx.o] Error 1
make[1]: Leaving directory '/home/aiyang/groundgrid/build/CMakeFiles/CMakeTmp'
make: *** [Makefile:121: cmTC_1cfdf/fast] Error 2


Source file was:
int main() { return 0; }
Performing C++ SOURCE FILE Test COMPILER_SUPPORT_wd2304 failed with the following output:
Change Dir: /home/aiyang/groundgrid/build/CMakeFiles/CMakeTmp

Run Build Command(s):/usr/bin/make cmTC_0d899/fast && /usr/bin/make -f CMakeFiles/cmTC_0d899.dir/build.make CMakeFiles/cmTC_0d899.dir/build
make[1]: Entering directory '/home/aiyang/groundgrid/build/CMakeFiles/CMakeTmp'
Building CXX object CMakeFiles/cmTC_0d899.dir/src.cxx.o
/usr/bin/c++    -pedantic -Wall -Wextra -Wundef -Wcast-align -Wchar-subscripts -Wnon-virtual-dtor -Wunused-local-typedefs -Wpointer-arith -Wwrite-strings -Wformat-security -Wlogical-op -Wdouble-promotion -Wshadow -Wno-psabi -Wno-variadic-macros -Wno-long-long -fno-check-new -fno-common -fstrict-aliasing -DCOMPILER_SUPPORT_wd2304 -Werror -fPIE   -wd2304 -std=gnu++17 -o CMakeFiles/cmTC_0d899.dir/src.cxx.o -c /home/aiyang/groundgrid/build/CMakeFiles/CMakeTmp/src.cxx
c++: error: unrecognized command line option '-wd2304'
make[1]: *** [CMakeFiles/cmTC_0d899.dir/build.make:66: CMakeFiles/cmTC_0d899.dir/src.cxx.o] Error 1
make[1]: Leaving directory '/home/aiyang/groundgrid/build/CMakeFiles/CMakeTmp'
make: *** [Makefile:121: cmTC_0d899/fast] Error 2


Source file was:
int main() { return 0; }
Performing C++ SOURCE FILE Test COMPILER_SUPPORT_Wshorten64to32 failed with the following output:
Change Dir: /home/aiyang/groundgrid/build/CMakeFiles/CMakeTmp

Run Build Command(s):/usr/bin/make cmTC_f4794/fast && /usr/bin/make -f CMakeFiles/cmTC_f4794.dir/build.make CMakeFiles/cmTC_f4794.dir/build
make[1]: Entering directory '/home/aiyang/groundgrid/build/CMakeFiles/CMakeTmp'
Building CXX object CMakeFiles/cmTC_f4794.dir/src.cxx.o
/usr/bin/c++    -pedantic -Wall -Wextra -Wundef -Wcast-align -Wchar-subscripts -Wnon-virtual-dtor -Wunused-local-typedefs -Wpointer-arith -Wwrite-strings -Wformat-security -DCOMPILER_SUPPORT_Wshorten64to32 -Werror -fPIE   -Wshorten-64-to-32 -std=gnu++17 -o CMakeFiles/cmTC_f4794.dir/src.cxx.o -c /home/aiyang/groundgrid/build/CMakeFiles/CMakeTmp/src.cxx
c++: error: unrecognized command line option '-Wshorten-64-to-32'
make[1]: *** [CMakeFiles/cmTC_f4794.dir/build.make:66: CMakeFiles/cmTC_f4794.dir/src.cxx.o] Error 1
make[1]: Leaving directory '/home/aiyang/groundgrid/build/CMakeFiles/CMakeTmp'
make: *** [Makefile:121: cmTC_f4794/fast] Error 2


Source file was:
int main() { return 0; }
Performing C++ SOURCE FILE Test COMPILER_SUPPORT_Wenumconversion failed with the following output:
Change Dir: /home/aiyang/groundgrid/build/CMakeFiles/CMakeTmp

Run Build Command(s):/usr/bin/make cmTC_59126/fast && /usr/bin/make -f CMakeFiles/cmTC_59126.dir/build.make CMakeFiles/cmTC_59126.dir/build
make[1]: Entering directory '/home/aiyang/groundgrid/build/CMakeFiles/CMakeTmp'
Building CXX object CMakeFiles/cmTC_59126.dir/src.cxx.o
/usr/bin/c++    -pedantic -Wall -Wextra -Wundef -Wcast-align -Wchar-subscripts -Wnon-virtual-dtor -Wunused-local-typedefs -Wpointer-arith -Wwrite-strings -Wformat-security -Wlogical-op -DCOMPILER_SUPPORT_Wenumconversion -Werror -fPIE   -Wenum-conversion -std=gnu++17 -o CMakeFiles/cmTC_59126.dir/src.cxx.o -c /home/aiyang/groundgrid/build/CMakeFiles/CMakeTmp/src.cxx
c++: error: unrecognized command line option '-Wenum-conversion'; did you mean '-Wno-conversion'?
make[1]: *** [CMakeFiles/cmTC_59126.dir/build.make:66: CMakeFiles/cmTC_59126.dir/src.cxx.o] Error 1
make[1]: Leaving directory '/home/aiyang/groundgrid/build/CMakeFiles/CMakeTmp'
make: *** [Makefile:121: cmTC_59126/fast] Error 2


Source file was:
int main() { return 0; }
Performing C++ SOURCE FILE Test COMPILER_SUPPORT_Wcpp11extensions failed with the following output:
Change Dir: /home/aiyang/groundgrid/build/CMakeFiles/CMakeTmp

Run Build Command(s):/usr/bin/make cmTC_47c90/fast && /usr/bin/make -f CMakeFiles/cmTC_47c90.dir/build.make CMakeFiles/cmTC_47c90.dir/build
make[1]: Entering directory '/home/aiyang/groundgrid/build/CMakeFiles/CMakeTmp'
Building CXX object CMakeFiles/cmTC_47c90.dir/src.cxx.o
/usr/bin/c++    -pedantic -Wall -Wextra -Wundef -Wcast-align -Wchar-subscripts -Wnon-virtual-dtor -Wunused-local-typedefs -Wpointer-arith -Wwrite-strings -Wformat-security -Wlogical-op -DCOMPILER_SUPPORT_Wcpp11extensions -Werror -fPIE   -Wc++11-extensions -std=gnu++17 -o CMakeFiles/cmTC_47c90.dir/src.cxx.o -c /home/aiyang/groundgrid/build/CMakeFiles/CMakeTmp/src.cxx
c++: error: unrecognized command line option '-Wc++11-extensions'; did you mean '-fms-extensions'?
make[1]: *** [CMakeFiles/cmTC_47c90.dir/build.make:66: CMakeFiles/cmTC_47c90.dir/src.cxx.o] Error 1
make[1]: Leaving directory '/home/aiyang/groundgrid/build/CMakeFiles/CMakeTmp'
make: *** [Makefile:121: cmTC_47c90/fast] Error 2


Source file was:
int main() { return 0; }
Performing C++ SOURCE FILE Test COMPILER_SUPPORT_wd981 failed with the following output:
Change Dir: /home/aiyang/groundgrid/build/CMakeFiles/CMakeTmp

Run Build Command(s):/usr/bin/make cmTC_2c372/fast && /usr/bin/make -f CMakeFiles/cmTC_2c372.dir/build.make CMakeFiles/cmTC_2c372.dir/build
make[1]: Entering directory '/home/aiyang/groundgrid/build/CMakeFiles/CMakeTmp'
Building CXX object CMakeFiles/cmTC_2c372.dir/src.cxx.o
/usr/bin/c++    -pedantic -Wall -Wextra -Wundef -Wcast-align -Wchar-subscripts -Wnon-virtual-dtor -Wunused-local-typedefs -Wpointer-arith -Wwrite-strings -Wformat-security -Wlogical-op -Wdouble-promotion -Wshadow -Wno-psabi -Wno-variadic-macros -Wno-long-long -fno-check-new -fno-common -fstrict-aliasing -DCOMPILER_SUPPORT_wd981 -Werror -fPIE   -wd981 -std=gnu++17 -o CMakeFiles/cmTC_2c372.dir/src.cxx.o -c /home/aiyang/groundgrid/build/CMakeFiles/CMakeTmp/src.cxx
c++: error: unrecognized command line option '-wd981'
make[1]: *** [CMakeFiles/cmTC_2c372.dir/build.make:66: CMakeFiles/cmTC_2c372.dir/src.cxx.o] Error 1
make[1]: Leaving directory '/home/aiyang/groundgrid/build/CMakeFiles/CMakeTmp'
make: *** [Makefile:121: cmTC_2c372/fast] Error 2


Source file was:
int main() { return 0; }
Performing C++ SOURCE FILE Test COMPILER_SUPPORT_wd2304 failed with the following output:
Change Dir: /home/aiyang/groundgrid/build/CMakeFiles/CMakeTmp

Run Build Command(s):/usr/bin/make cmTC_67526/fast && /usr/bin/make -f CMakeFiles/cmTC_67526.dir/build.make CMakeFiles/cmTC_67526.dir/build
make[1]: Entering directory '/home/aiyang/groundgrid/build/CMakeFiles/CMakeTmp'
Building CXX object CMakeFiles/cmTC_67526.dir/src.cxx.o
/usr/bin/c++    -pedantic -Wall -Wextra -Wundef -Wcast-align -Wchar-subscripts -Wnon-virtual-dtor -Wunused-local-typedefs -Wpointer-arith -Wwrite-strings -Wformat-security -Wlogical-op -Wdouble-promotion -Wshadow -Wno-psabi -Wno-variadic-macros -Wno-long-long -fno-check-new -fno-common -fstrict-aliasing -DCOMPILER_SUPPORT_wd2304 -Werror -fPIE   -wd2304 -std=gnu++17 -o CMakeFiles/cmTC_67526.dir/src.cxx.o -c /home/aiyang/groundgrid/build/CMakeFiles/CMakeTmp/src.cxx
c++: error: unrecognized command line option '-wd2304'
make[1]: *** [CMakeFiles/cmTC_67526.dir/build.make:66: CMakeFiles/cmTC_67526.dir/src.cxx.o] Error 1
make[1]: Leaving directory '/home/aiyang/groundgrid/build/CMakeFiles/CMakeTmp'
make: *** [Makefile:121: cmTC_67526/fast] Error 2


Source file was:
int main() { return 0; }
